<?xml version="1.0" encoding="UTF-8"?>
<!-- Generated by org.testng.reporters.JUnitReportReporter -->
<testsuite skipped="0" hostname="LAPTOP-5MSMT5PF" name="MapAPI.AddPlaceMap" tests="1" failures="0" timestamp="2020-02-24T19:04:23 IST" time="7.407" errors="0">
  <testcase name="getlocation" time="7.407" classname="MapAPI.AddPlaceMap"/>
</testsuite> <!-- MapAPI.AddPlaceMap -->
