<?xml version="1.0" encoding="UTF-8"?>
<!-- Generated by org.testng.reporters.JUnitReportReporter -->
<testsuite skipped="0" hostname="LAPTOP-5MSMT5PF" name="restAssured_Tests.StaticJson" tests="3" failures="0" timestamp="2020-02-21T22:22:40 IST" time="6.470" errors="0">
  <testcase name="getbook" time="0.219" classname="restAssured_Tests.StaticJson"/>
  <testcase name="addBook" time="6.119" classname="restAssured_Tests.StaticJson"/>
  <testcase name="delBook" time="0.132" classname="restAssured_Tests.StaticJson"/>
</testsuite> <!-- restAssured_Tests.StaticJson -->
