<?xml version="1.0" encoding="UTF-8"?>
<!-- Generated by org.testng.reporters.JUnitReportReporter -->
<testsuite skipped="0" hostname="LAPTOP-5MSMT5PF" name="restAssured_Tests.DynamicJson" tests="3" failures="0" timestamp="2020-02-18T23:24:12 IST" time="8.087" errors="0">
  <testcase name="addBook" time="0.184" classname="restAssured_Tests.DynamicJson"/>
  <testcase name="addBook" time="7.734" classname="restAssured_Tests.DynamicJson"/>
  <testcase name="addBook" time="0.169" classname="restAssured_Tests.DynamicJson"/>
</testsuite> <!-- restAssured_Tests.DynamicJson -->
