<?xml version="1.0" encoding="UTF-8"?>
<!-- Generated by org.testng.reporters.JUnitReportReporter -->
<testsuite skipped="0" hostname="LAPTOP-5MSMT5PF" name="restAssured_Tests.Demo1_GetRequest2" tests="1" failures="0" timestamp="2020-02-18T00:40:56 IST" time="5.067" errors="0">
  <testcase name="getWeatherDetails" time="5.067" classname="restAssured_Tests.Demo1_GetRequest2"/>
</testsuite> <!-- restAssured_Tests.Demo1_GetRequest2 -->
