<?xml version="1.0" encoding="UTF-8"?>
<!-- Generated by org.testng.reporters.JUnitReportReporter -->
<testsuite skipped="0" hostname="LAPTOP-5MSMT5PF" name="restAssured_Tests.Demo4_DELETERequest" tests="1" failures="0" timestamp="2019-12-08T13:03:28 IST" time="4.793" errors="0">
  <testcase name="deleteEmployeeRecord" time="4.793" classname="restAssured_Tests.Demo4_DELETERequest"/>
</testsuite> <!-- restAssured_Tests.Demo4_DELETERequest -->
