<?xml version="1.0" encoding="UTF-8"?>
<!-- Generated by org.testng.reporters.JUnitReportReporter -->
<testsuite skipped="0" hostname="LAPTOP-5MSMT5PF" name="restAssured_Tests.Demo2_POSTRequest" tests="1" failures="0" timestamp="2020-02-12T22:31:59 IST" time="1.921" errors="0">
  <testcase name="postUserInfoTest" time="1.921" classname="restAssured_Tests.Demo2_POSTRequest"/>
</testsuite> <!-- restAssured_Tests.Demo2_POSTRequest -->
