<?xml version="1.0" encoding="UTF-8"?>
<!-- Generated by org.testng.reporters.JUnitReportReporter -->
<testsuite skipped="0" hostname="LAPTOP-5MSMT5PF" name="OAuth2.GetCoursesAuth2API" tests="1" failures="0" timestamp="2020-02-23T15:21:51 IST" time="10.167" errors="0">
  <testcase name="getAccessToken" time="10.167" classname="OAuth2.GetCoursesAuth2API"/>
</testsuite> <!-- OAuth2.GetCoursesAuth2API -->
