<?xml version="1.0" encoding="UTF-8"?>
<!-- Generated by org.testng.reporters.JUnitReportReporter -->
<testsuite skipped="0" hostname="LAPTOP-5MSMT5PF" name="OAuth2.GetCourses_POJO" tests="1" failures="0" timestamp="2020-02-23T22:15:11 IST" time="5.791" errors="0">
  <testcase name="getAccessToken" time="5.791" classname="OAuth2.GetCourses_POJO"/>
</testsuite> <!-- OAuth2.GetCourses_POJO -->
